TypeError: Cannot read property 'headers' of undefined
    at Request._callback (/root/app.js:19:37)
    at self.callback (/root/node_modules/request/request.js:186:22)
    at emitOne (events.js:96:13)
    at Request.emit (events.js:189:7)
    at Request.onRequestError (/root/node_modules/request/request.js:845:8)
    at emitOne (events.js:96:13)
    at ClientRequest.emit (events.js:189:7)
    at TLSSocket.socketErrorListener (_http_client.js:358:9)
    at emitOne (events.js:96:13)
    at TLSSocket.emit (events.js:189:7)
TypeError: Cannot read property 'headers' of undefined
    at Request._callback (/root/app.js:19:37)
    at self.callback (/root/node_modules/request/request.js:186:22)
    at emitOne (events.js:96:13)
    at Request.emit (events.js:189:7)
    at Request.onRequestError (/root/node_modules/request/request.js:845:8)
    at emitOne (events.js:96:13)
    at ClientRequest.emit (events.js:189:7)
    at TLSSocket.socketErrorListener (_http_client.js:358:9)
    at emitOne (events.js:96:13)
    at TLSSocket.emit (events.js:189:7)
TypeError: Cannot read property 'headers' of undefined
    at Request._callback (/root/app.js:19:37)
    at self.callback (/root/node_modules/request/request.js:186:22)
    at emitOne (events.js:96:13)
    at Request.emit (events.js:189:7)
    at Request.onRequestError (/root/node_modules/request/request.js:845:8)
    at emitOne (events.js:96:13)
    at ClientRequest.emit (events.js:189:7)
    at TLSSocket.socketErrorListener (_http_client.js:358:9)
    at emitOne (events.js:96:13)
    at TLSSocket.emit (events.js:189:7)
TypeError: Cannot read property 'headers' of undefined
    at Request._callback (/root/app.js:19:37)
    at self.callback (/root/node_modules/request/request.js:186:22)
    at emitOne (events.js:96:13)
    at Request.emit (events.js:189:7)
    at Request.onRequestError (/root/node_modules/request/request.js:845:8)
    at emitOne (events.js:96:13)
    at ClientRequest.emit (events.js:189:7)
    at TLSSocket.socketErrorListener (_http_client.js:358:9)
    at emitOne (events.js:96:13)
    at TLSSocket.emit (events.js:189:7)
TypeError: Cannot read property 'headers' of undefined
    at Request._callback (/root/app.js:19:37)
    at self.callback (/root/node_modules/request/request.js:186:22)
    at emitOne (events.js:96:13)
    at Request.emit (events.js:189:7)
    at Request.onRequestError (/root/node_modules/request/request.js:845:8)
    at emitOne (events.js:96:13)
    at ClientRequest.emit (events.js:189:7)
    at TLSSocket.socketErrorListener (_http_client.js:358:9)
    at emitOne (events.js:96:13)
    at TLSSocket.emit (events.js:189:7)
TypeError: Cannot read property 'headers' of undefined
    at Request._callback (/root/app.js:19:37)
    at self.callback (/root/node_modules/request/request.js:186:22)
    at emitOne (events.js:96:13)
    at Request.emit (events.js:189:7)
    at Request.onRequestError (/root/node_modules/request/request.js:845:8)
    at emitOne (events.js:96:13)
    at ClientRequest.emit (events.js:189:7)
    at TLSSocket.socketErrorListener (_http_client.js:358:9)
    at emitOne (events.js:96:13)
    at TLSSocket.emit (events.js:189:7)
TypeError: Cannot read property 'headers' of undefined
    at Request._callback (/root/app.js:19:37)
    at self.callback (/root/node_modules/request/request.js:186:22)
    at emitOne (events.js:96:13)
    at Request.emit (events.js:189:7)
    at Request.onRequestError (/root/node_modules/request/request.js:845:8)
    at emitOne (events.js:96:13)
    at ClientRequest.emit (events.js:189:7)
    at TLSSocket.socketErrorListener (_http_client.js:358:9)
    at emitOne (events.js:96:13)
    at TLSSocket.emit (events.js:189:7)
TypeError: Cannot read property 'headers' of undefined
    at Request._callback (/root/app.js:19:37)
    at self.callback (/root/node_modules/request/request.js:186:22)
    at emitOne (events.js:96:13)
    at Request.emit (events.js:189:7)
    at Request.onRequestError (/root/node_modules/request/request.js:845:8)
    at emitOne (events.js:96:13)
    at ClientRequest.emit (events.js:189:7)
    at TLSSocket.socketErrorListener (_http_client.js:358:9)
    at emitOne (events.js:96:13)
    at TLSSocket.emit (events.js:189:7)
TypeError: Cannot read property 'headers' of undefined
    at Request._callback (/root/app.js:19:37)
    at self.callback (/root/node_modules/request/request.js:186:22)
    at emitOne (events.js:96:13)
    at Request.emit (events.js:189:7)
    at Request.onRequestError (/root/node_modules/request/request.js:845:8)
    at emitOne (events.js:96:13)
    at ClientRequest.emit (events.js:189:7)
    at TLSSocket.socketErrorListener (_http_client.js:358:9)
    at emitOne (events.js:96:13)
    at TLSSocket.emit (events.js:189:7)
TypeError: Cannot read property 'headers' of undefined
    at Request._callback (/root/app.js:19:37)
    at self.callback (/root/node_modules/request/request.js:186:22)
    at emitOne (events.js:96:13)
    at Request.emit (events.js:189:7)
    at Request.onRequestError (/root/node_modules/request/request.js:845:8)
    at emitOne (events.js:96:13)
    at ClientRequest.emit (events.js:189:7)
    at TLSSocket.socketErrorListener (_http_client.js:358:9)
    at emitOne (events.js:96:13)
    at TLSSocket.emit (events.js:189:7)
TypeError: Cannot read property 'headers' of undefined
    at Request._callback (/root/app.js:19:37)
    at self.callback (/root/node_modules/request/request.js:186:22)
    at emitOne (events.js:96:13)
    at Request.emit (events.js:189:7)
    at Request.onRequestError (/root/node_modules/request/request.js:845:8)
    at emitOne (events.js:96:13)
    at ClientRequest.emit (events.js:189:7)
    at TLSSocket.socketErrorListener (_http_client.js:358:9)
    at emitOne (events.js:96:13)
    at TLSSocket.emit (events.js:189:7)
TypeError: Cannot read property 'headers' of undefined
    at Request._callback (/root/app.js:19:37)
    at self.callback (/root/node_modules/request/request.js:186:22)
    at emitOne (events.js:96:13)
    at Request.emit (events.js:189:7)
    at Request.onRequestError (/root/node_modules/request/request.js:845:8)
    at emitOne (events.js:96:13)
    at ClientRequest.emit (events.js:189:7)
    at TLSSocket.socketErrorListener (_http_client.js:358:9)
    at emitOne (events.js:96:13)
    at TLSSocket.emit (events.js:189:7)
TypeError: Cannot read property 'headers' of undefined
    at Request._callback (/root/app.js:19:37)
    at self.callback (/root/node_modules/request/request.js:186:22)
    at emitOne (events.js:96:13)
    at Request.emit (events.js:189:7)
    at Request.onRequestError (/root/node_modules/request/request.js:845:8)
    at emitOne (events.js:96:13)
    at ClientRequest.emit (events.js:189:7)
    at TLSSocket.socketErrorListener (_http_client.js:358:9)
    at emitOne (events.js:96:13)
    at TLSSocket.emit (events.js:189:7)
TypeError: Cannot read property 'headers' of undefined
    at Request._callback (/root/app.js:19:37)
    at self.callback (/root/node_modules/request/request.js:186:22)
    at emitOne (events.js:96:13)
    at Request.emit (events.js:189:7)
    at Request.onRequestError (/root/node_modules/request/request.js:845:8)
    at emitOne (events.js:96:13)
    at ClientRequest.emit (events.js:189:7)
    at TLSSocket.socketErrorListener (_http_client.js:358:9)
    at emitOne (events.js:96:13)
    at TLSSocket.emit (events.js:189:7)
TypeError: Cannot read property 'headers' of undefined
    at Request._callback (/root/app.js:19:37)
    at self.callback (/root/node_modules/request/request.js:186:22)
    at emitOne (events.js:96:13)
    at Request.emit (events.js:189:7)
    at Request.onRequestError (/root/node_modules/request/request.js:845:8)
    at emitOne (events.js:96:13)
    at ClientRequest.emit (events.js:189:7)
    at TLSSocket.socketErrorListener (_http_client.js:358:9)
    at emitOne (events.js:96:13)
    at TLSSocket.emit (events.js:189:7)
/root/app.js:71
app.get('/.well-known/acme-challenge/JyTYG3Wf4MKgTNbzRalYRlDlPDbVmIktttJSy3Iq6-M',function(req,res){
^^^
SyntaxError: Unexpected identifier
    at Object.exports.runInThisContext (vm.js:73:16)
    at Module._compile (module.js:543:28)
    at Object.Module._extensions..js (module.js:580:10)
    at Module.load (module.js:488:32)
    at tryModuleLoad (module.js:447:12)
    at Function.Module._load (module.js:439:3)
    at Object.<anonymous> (/usr/lib/node_modules/pm2/lib/ProcessContainerFork.js:53:21)
    at Module._compile (module.js:571:32)
    at Object.Module._extensions..js (module.js:580:10)
    at Module.load (module.js:488:32)
/root/app.js:71
app.get('/.well-known/acme-challenge/JyTYG3Wf4MKgTNbzRalYRlDlPDbVmIktttJSy3Iq6-M',function(req,res){
^^^
SyntaxError: Unexpected identifier
    at Object.exports.runInThisContext (vm.js:73:16)
    at Module._compile (module.js:543:28)
    at Object.Module._extensions..js (module.js:580:10)
    at Module.load (module.js:488:32)
    at tryModuleLoad (module.js:447:12)
    at Function.Module._load (module.js:439:3)
    at Object.<anonymous> (/usr/lib/node_modules/pm2/lib/ProcessContainerFork.js:53:21)
    at Module._compile (module.js:571:32)
    at Object.Module._extensions..js (module.js:580:10)
    at Module.load (module.js:488:32)
/root/app.js:71
app.get('/.well-known/acme-challenge/JyTYG3Wf4MKgTNbzRalYRlDlPDbVmIktttJSy3Iq6-M',function(req,res){
^^^
SyntaxError: Unexpected identifier
    at Object.exports.runInThisContext (vm.js:73:16)
    at Module._compile (module.js:543:28)
    at Object.Module._extensions..js (module.js:580:10)
    at Module.load (module.js:488:32)
    at tryModuleLoad (module.js:447:12)
    at Function.Module._load (module.js:439:3)
    at Object.<anonymous> (/usr/lib/node_modules/pm2/lib/ProcessContainerFork.js:53:21)
    at Module._compile (module.js:571:32)
    at Object.Module._extensions..js (module.js:580:10)
    at Module.load (module.js:488:32)
/root/app.js:71
app.get('/.well-known/acme-challenge/JyTYG3Wf4MKgTNbzRalYRlDlPDbVmIktttJSy3Iq6-M',function(req,res){
^^^
SyntaxError: Unexpected identifier
    at Object.exports.runInThisContext (vm.js:73:16)
    at Module._compile (module.js:543:28)
    at Object.Module._extensions..js (module.js:580:10)
    at Module.load (module.js:488:32)
    at tryModuleLoad (module.js:447:12)
    at Function.Module._load (module.js:439:3)
    at Object.<anonymous> (/usr/lib/node_modules/pm2/lib/ProcessContainerFork.js:53:21)
    at Module._compile (module.js:571:32)
    at Object.Module._extensions..js (module.js:580:10)
    at Module.load (module.js:488:32)
/root/app.js:71
app.get('/.well-known/acme-challenge/JyTYG3Wf4MKgTNbzRalYRlDlPDbVmIktttJSy3Iq6-M',function(req,res){
^^^
SyntaxError: Unexpected identifier
    at Object.exports.runInThisContext (vm.js:73:16)
    at Module._compile (module.js:543:28)
    at Object.Module._extensions..js (module.js:580:10)
    at Module.load (module.js:488:32)
    at tryModuleLoad (module.js:447:12)
    at Function.Module._load (module.js:439:3)
    at Object.<anonymous> (/usr/lib/node_modules/pm2/lib/ProcessContainerFork.js:53:21)
    at Module._compile (module.js:571:32)
    at Object.Module._extensions..js (module.js:580:10)
    at Module.load (module.js:488:32)
/root/app.js:71
app.get('/.well-known/acme-challenge/JyTYG3Wf4MKgTNbzRalYRlDlPDbVmIktttJSy3Iq6-M',function(req,res){
^^^
SyntaxError: Unexpected identifier
    at Object.exports.runInThisContext (vm.js:73:16)
    at Module._compile (module.js:543:28)
    at Object.Module._extensions..js (module.js:580:10)
    at Module.load (module.js:488:32)
    at tryModuleLoad (module.js:447:12)
    at Function.Module._load (module.js:439:3)
    at Object.<anonymous> (/usr/lib/node_modules/pm2/lib/ProcessContainerFork.js:53:21)
    at Module._compile (module.js:571:32)
    at Object.Module._extensions..js (module.js:580:10)
    at Module.load (module.js:488:32)
/root/app.js:71
app.get('/.well-known/acme-challenge/JyTYG3Wf4MKgTNbzRalYRlDlPDbVmIktttJSy3Iq6-M',function(req,res){
^^^
SyntaxError: Unexpected identifier
    at Object.exports.runInThisContext (vm.js:73:16)
    at Module._compile (module.js:543:28)
    at Object.Module._extensions..js (module.js:580:10)
    at Module.load (module.js:488:32)
    at tryModuleLoad (module.js:447:12)
    at Function.Module._load (module.js:439:3)
    at Object.<anonymous> (/usr/lib/node_modules/pm2/lib/ProcessContainerFork.js:53:21)
    at Module._compile (module.js:571:32)
    at Object.Module._extensions..js (module.js:580:10)
    at Module.load (module.js:488:32)
/root/app.js:71
app.get('/.well-known/acme-challenge/JyTYG3Wf4MKgTNbzRalYRlDlPDbVmIktttJSy3Iq6-M',function(req,res){
^^^
SyntaxError: Unexpected identifier
    at Object.exports.runInThisContext (vm.js:73:16)
    at Module._compile (module.js:543:28)
    at Object.Module._extensions..js (module.js:580:10)
    at Module.load (module.js:488:32)
    at tryModuleLoad (module.js:447:12)
    at Function.Module._load (module.js:439:3)
    at Object.<anonymous> (/usr/lib/node_modules/pm2/lib/ProcessContainerFork.js:53:21)
    at Module._compile (module.js:571:32)
    at Object.Module._extensions..js (module.js:580:10)
    at Module.load (module.js:488:32)
/root/app.js:71
app.get('/.well-known/acme-challenge/JyTYG3Wf4MKgTNbzRalYRlDlPDbVmIktttJSy3Iq6-M',function(req,res){
^^^
SyntaxError: Unexpected identifier
    at Object.exports.runInThisContext (vm.js:73:16)
    at Module._compile (module.js:543:28)
    at Object.Module._extensions..js (module.js:580:10)
    at Module.load (module.js:488:32)
    at tryModuleLoad (module.js:447:12)
    at Function.Module._load (module.js:439:3)
    at Object.<anonymous> (/usr/lib/node_modules/pm2/lib/ProcessContainerFork.js:53:21)
    at Module._compile (module.js:571:32)
    at Object.Module._extensions..js (module.js:580:10)
    at Module.load (module.js:488:32)
/root/app.js:71
app.get('/.well-known/acme-challenge/JyTYG3Wf4MKgTNbzRalYRlDlPDbVmIktttJSy3Iq6-M',function(req,res){
^^^
SyntaxError: Unexpected identifier
    at Object.exports.runInThisContext (vm.js:73:16)
    at Module._compile (module.js:543:28)
    at Object.Module._extensions..js (module.js:580:10)
    at Module.load (module.js:488:32)
    at tryModuleLoad (module.js:447:12)
    at Function.Module._load (module.js:439:3)
    at Object.<anonymous> (/usr/lib/node_modules/pm2/lib/ProcessContainerFork.js:53:21)
    at Module._compile (module.js:571:32)
    at Object.Module._extensions..js (module.js:580:10)
    at Module.load (module.js:488:32)
/root/app.js:71
app.get('/.well-known/acme-challenge/JyTYG3Wf4MKgTNbzRalYRlDlPDbVmIktttJSy3Iq6-M',function(req,res){
^^^
SyntaxError: Unexpected identifier
    at Object.exports.runInThisContext (vm.js:73:16)
    at Module._compile (module.js:543:28)
    at Object.Module._extensions..js (module.js:580:10)
    at Module.load (module.js:488:32)
    at tryModuleLoad (module.js:447:12)
    at Function.Module._load (module.js:439:3)
    at Object.<anonymous> (/usr/lib/node_modules/pm2/lib/ProcessContainerFork.js:53:21)
    at Module._compile (module.js:571:32)
    at Object.Module._extensions..js (module.js:580:10)
    at Module.load (module.js:488:32)
/root/app.js:71
app.get('/.well-known/acme-challenge/JyTYG3Wf4MKgTNbzRalYRlDlPDbVmIktttJSy3Iq6-M',function(req,res){
^^^
SyntaxError: Unexpected identifier
    at Object.exports.runInThisContext (vm.js:73:16)
    at Module._compile (module.js:543:28)
    at Object.Module._extensions..js (module.js:580:10)
    at Module.load (module.js:488:32)
    at tryModuleLoad (module.js:447:12)
    at Function.Module._load (module.js:439:3)
    at Object.<anonymous> (/usr/lib/node_modules/pm2/lib/ProcessContainerFork.js:53:21)
    at Module._compile (module.js:571:32)
    at Object.Module._extensions..js (module.js:580:10)
    at Module.load (module.js:488:32)
/root/app.js:71
app.get('/.well-known/acme-challenge/JyTYG3Wf4MKgTNbzRalYRlDlPDbVmIktttJSy3Iq6-M',function(req,res){
^^^
SyntaxError: Unexpected identifier
    at Object.exports.runInThisContext (vm.js:73:16)
    at Module._compile (module.js:543:28)
    at Object.Module._extensions..js (module.js:580:10)
    at Module.load (module.js:488:32)
    at tryModuleLoad (module.js:447:12)
    at Function.Module._load (module.js:439:3)
    at Object.<anonymous> (/usr/lib/node_modules/pm2/lib/ProcessContainerFork.js:53:21)
    at Module._compile (module.js:571:32)
    at Object.Module._extensions..js (module.js:580:10)
    at Module.load (module.js:488:32)
/root/app.js:71
app.get('/.well-known/acme-challenge/JyTYG3Wf4MKgTNbzRalYRlDlPDbVmIktttJSy3Iq6-M',function(req,res){
^^^
SyntaxError: Unexpected identifier
    at Object.exports.runInThisContext (vm.js:73:16)
    at Module._compile (module.js:543:28)
    at Object.Module._extensions..js (module.js:580:10)
    at Module.load (module.js:488:32)
    at tryModuleLoad (module.js:447:12)
    at Function.Module._load (module.js:439:3)
    at Object.<anonymous> (/usr/lib/node_modules/pm2/lib/ProcessContainerFork.js:53:21)
    at Module._compile (module.js:571:32)
    at Object.Module._extensions..js (module.js:580:10)
    at Module.load (module.js:488:32)
/root/app.js:71
app.get('/.well-known/acme-challenge/JyTYG3Wf4MKgTNbzRalYRlDlPDbVmIktttJSy3Iq6-M',function(req,res){
^^^
SyntaxError: Unexpected identifier
    at Object.exports.runInThisContext (vm.js:73:16)
    at Module._compile (module.js:543:28)
    at Object.Module._extensions..js (module.js:580:10)
    at Module.load (module.js:488:32)
    at tryModuleLoad (module.js:447:12)
    at Function.Module._load (module.js:439:3)
    at Object.<anonymous> (/usr/lib/node_modules/pm2/lib/ProcessContainerFork.js:53:21)
    at Module._compile (module.js:571:32)
    at Object.Module._extensions..js (module.js:580:10)
    at Module.load (module.js:488:32)
/root/app.js:71
app.get('/.well-known/acme-challenge/JyTYG3Wf4MKgTNbzRalYRlDlPDbVmIktttJSy3Iq6-M',function(req,res){
^^^
SyntaxError: Unexpected identifier
    at Object.exports.runInThisContext (vm.js:73:16)
    at Module._compile (module.js:543:28)
    at Object.Module._extensions..js (module.js:580:10)
    at Module.load (module.js:488:32)
    at tryModuleLoad (module.js:447:12)
    at Function.Module._load (module.js:439:3)
    at Object.<anonymous> (/usr/lib/node_modules/pm2/lib/ProcessContainerFork.js:53:21)
    at Module._compile (module.js:571:32)
    at Object.Module._extensions..js (module.js:580:10)
    at Module.load (module.js:488:32)
TypeError: Cannot read property 'headers' of undefined
    at Request._callback (/root/app.js:20:37)
    at self.callback (/root/node_modules/request/request.js:186:22)
    at emitOne (events.js:96:13)
    at Request.emit (events.js:189:7)
    at Request.onRequestError (/root/node_modules/request/request.js:845:8)
    at emitOne (events.js:96:13)
    at ClientRequest.emit (events.js:189:7)
    at TLSSocket.socketErrorListener (_http_client.js:358:9)
    at emitOne (events.js:96:13)
    at TLSSocket.emit (events.js:189:7)
TypeError: Cannot read property 'headers' of undefined
    at Request._callback (/root/app.js:20:37)
    at self.callback (/root/node_modules/request/request.js:186:22)
    at emitOne (events.js:96:13)
    at Request.emit (events.js:189:7)
    at Request.onRequestError (/root/node_modules/request/request.js:845:8)
    at emitOne (events.js:96:13)
    at ClientRequest.emit (events.js:189:7)
    at TLSSocket.socketErrorListener (_http_client.js:358:9)
    at emitOne (events.js:96:13)
    at TLSSocket.emit (events.js:189:7)
TypeError: Cannot read property 'headers' of undefined
    at Request._callback (/root/app.js:20:37)
    at self.callback (/root/node_modules/request/request.js:186:22)
    at emitOne (events.js:96:13)
    at Request.emit (events.js:189:7)
    at Request.onRequestError (/root/node_modules/request/request.js:845:8)
    at emitOne (events.js:96:13)
    at ClientRequest.emit (events.js:189:7)
    at TLSSocket.socketErrorListener (_http_client.js:358:9)
    at emitOne (events.js:96:13)
    at TLSSocket.emit (events.js:189:7)
TypeError: Cannot read property 'headers' of undefined
    at Request._callback (/root/app.js:20:37)
    at self.callback (/root/node_modules/request/request.js:186:22)
    at emitOne (events.js:96:13)
    at Request.emit (events.js:189:7)
    at Request.onRequestError (/root/node_modules/request/request.js:845:8)
    at emitOne (events.js:96:13)
    at ClientRequest.emit (events.js:189:7)
    at TLSSocket.socketErrorListener (_http_client.js:358:9)
    at emitOne (events.js:96:13)
    at TLSSocket.emit (events.js:189:7)
TypeError: Cannot read property 'headers' of undefined
    at Request._callback (/root/app.js:20:37)
    at self.callback (/root/node_modules/request/request.js:186:22)
    at emitOne (events.js:96:13)
    at Request.emit (events.js:189:7)
    at Request.onRequestError (/root/node_modules/request/request.js:845:8)
    at emitOne (events.js:96:13)
    at ClientRequest.emit (events.js:189:7)
    at TLSSocket.socketErrorListener (_http_client.js:358:9)
    at emitOne (events.js:96:13)
    at TLSSocket.emit (events.js:189:7)
TypeError: Cannot read property 'headers' of undefined
    at Request._callback (/root/app.js:20:37)
    at self.callback (/root/node_modules/request/request.js:186:22)
    at emitOne (events.js:96:13)
    at Request.emit (events.js:189:7)
    at Request.init (/root/node_modules/request/request.js:274:17)
    at new Request (/root/node_modules/request/request.js:128:8)
    at request (/root/node_modules/request/index.js:54:10)
    at Function.head (/root/node_modules/request/index.js:62:12)
    at download (/root/app.js:19:11)
    at img (/root/app.js:50:2)
TypeError: Cannot read property 'headers' of undefined
    at Request._callback (/root/app.js:20:37)
    at self.callback (/root/node_modules/request/request.js:186:22)
    at emitOne (events.js:96:13)
    at Request.emit (events.js:189:7)
    at Request.init (/root/node_modules/request/request.js:274:17)
    at new Request (/root/node_modules/request/request.js:128:8)
    at request (/root/node_modules/request/index.js:54:10)
    at Function.head (/root/node_modules/request/index.js:62:12)
    at download (/root/app.js:19:11)
    at img (/root/app.js:50:2)
TypeError: Cannot read property 'headers' of undefined
    at Request._callback (/root/app.js:20:37)
    at self.callback (/root/node_modules/request/request.js:186:22)
    at emitOne (events.js:96:13)
    at Request.emit (events.js:189:7)
    at Request.init (/root/node_modules/request/request.js:274:17)
    at new Request (/root/node_modules/request/request.js:128:8)
    at request (/root/node_modules/request/index.js:54:10)
    at Function.head (/root/node_modules/request/index.js:62:12)
    at download (/root/app.js:19:11)
    at img (/root/app.js:51:2)
